/home/ningeen/.jdks/corretto-1.8.0_302/bin/java -javaagent:/home/ningeen/Downloads/ideaIC-2021.2.3/idea-IC-212.5457.46/lib/idea_rt.jar=39619:/home/ningeen/Downloads/ideaIC-2021.2.3/idea-IC-212.5457.46/bin -Dfile.encoding=UTF-8 -classpath /home/ningeen/.jdks/corretto-1.8.0_302/jre/lib/charsets.jar:/home/ningeen/.jdks/corretto-1.8.0_302/jre/lib/ext/cldrdata.jar:/home/ningeen/.jdks/corretto-1.8.0_302/jre/lib/ext/dnsns.jar:/home/ningeen/.jdks/corretto-1.8.0_302/jre/lib/ext/jaccess.jar:/home/ningeen/.jdks/corretto-1.8.0_302/jre/lib/ext/jfxrt.jar:/home/ningeen/.jdks/corretto-1.8.0_302/jre/lib/ext/localedata.jar:/home/ningeen/.jdks/corretto-1.8.0_302/jre/lib/ext/nashorn.jar:/home/ningeen/.jdks/corretto-1.8.0_302/jre/lib/ext/sunec.jar:/home/ningeen/.jdks/corretto-1.8.0_302/jre/lib/ext/sunjce_provider.jar:/home/ningeen/.jdks/corretto-1.8.0_302/jre/lib/ext/sunpkcs11.jar:/home/ningeen/.jdks/corretto-1.8.0_302/jre/lib/ext/zipfs.jar:/home/ningeen/.jdks/corretto-1.8.0_302/jre/lib/jce.jar:/home/ningeen/.jdks/corretto-1.8.0_302/jre/lib/jfr.jar:/home/ningeen/.jdks/corretto-1.8.0_302/jre/lib/jfxswt.jar:/home/ningeen/.jdks/corretto-1.8.0_302/jre/lib/jsse.jar:/home/ningeen/.jdks/corretto-1.8.0_302/jre/lib/management-agent.jar:/home/ningeen/.jdks/corretto-1.8.0_302/jre/lib/resources.jar:/home/ningeen/.jdks/corretto-1.8.0_302/jre/lib/rt.jar:/home/ningeen/IdeaProjects/MADE_scala/target/scala-2.13/classes:/home/ningeen/.cache/coursier/v1/https/repo1.maven.org/maven2/bouncycastle/bcmail-jdk14/138/bcmail-jdk14-138.jar:/home/ningeen/.cache/coursier/v1/https/repo1.maven.org/maven2/bouncycastle/bcprov-jdk14/138/bcprov-jdk14-138.jar:/home/ningeen/.cache/coursier/v1/https/repo1.maven.org/maven2/com/chuusai/shapeless_2.13/2.3.3/shapeless_2.13-2.3.3.jar:/home/ningeen/.cache/coursier/v1/https/repo1.maven.org/maven2/com/github/fommil/netlib/core/1.1.2/core-1.1.2.jar:/home/ningeen/.cache/coursier/v1/https/repo1.maven.org/maven2/com/github/wendykierp/JTransforms/3.1/JTransforms-3.1.jar:/home/ningeen/.cache/coursier/v1/https/repo1.maven.org/maven2/com/lowagie/itext/2.1.5/itext-2.1.5.jar:/home/ningeen/.cache/coursier/v1/https/repo1.maven.org/maven2/commons-io/commons-io/1.3.1/commons-io-1.3.1.jar:/home/ningeen/.cache/coursier/v1/https/repo1.maven.org/maven2/commons-logging/commons-logging/1.0.4/commons-logging-1.0.4.jar:/home/ningeen/.cache/coursier/v1/https/repo1.maven.org/maven2/net/sf/opencsv/opencsv/2.3/opencsv-2.3.jar:/home/ningeen/.cache/coursier/v1/https/repo1.maven.org/maven2/net/sourceforge/f2j/arpack_combined_all/0.1/arpack_combined_all-0.1.jar:/home/ningeen/.cache/coursier/v1/https/repo1.maven.org/maven2/org/apache/commons/commons-math3/3.5/commons-math3-3.5.jar:/home/ningeen/.cache/coursier/v1/https/repo1.maven.org/maven2/org/apache/xmlgraphics/xmlgraphics-commons/1.3.1/xmlgraphics-commons-1.3.1.jar:/home/ningeen/.cache/coursier/v1/https/repo1.maven.org/maven2/org/jfree/jfreechart/1.5.0/jfreechart-1.5.0.jar:/home/ningeen/.cache/coursier/v1/https/repo1.maven.org/maven2/org/scala-lang/modules/scala-collection-compat_2.13/2.2.0/scala-collection-compat_2.13-2.2.0.jar:/home/ningeen/.cache/coursier/v1/https/repo1.maven.org/maven2/org/scala-lang/scala-library/2.13.6/scala-library-2.13.6.jar:/home/ningeen/.cache/coursier/v1/https/repo1.maven.org/maven2/org/scala-lang/scala-reflect/2.13.6/scala-reflect-2.13.6.jar:/home/ningeen/.cache/coursier/v1/https/repo1.maven.org/maven2/org/scalanlp/breeze-macros_2.13/1.2/breeze-macros_2.13-1.2.jar:/home/ningeen/.cache/coursier/v1/https/repo1.maven.org/maven2/org/scalanlp/breeze-viz_2.13/1.2/breeze-viz_2.13-1.2.jar:/home/ningeen/.cache/coursier/v1/https/repo1.maven.org/maven2/org/scalanlp/breeze_2.13/1.2/breeze_2.13-1.2.jar:/home/ningeen/.cache/coursier/v1/https/repo1.maven.org/maven2/org/slf4j/slf4j-api/1.7.5/slf4j-api-1.7.5.jar:/home/ningeen/.cache/coursier/v1/https/repo1.maven.org/maven2/org/typelevel/algebra_2.13/2.0.1/algebra_2.13-2.0.1.jar:/home/ningeen/.cache/coursier/v1/https/repo1.maven.org/maven2/org/typelevel/cats-kernel_2.13/2.1.1/cats-kernel_2.13-2.1.1.jar:/home/ningeen/.cache/coursier/v1/https/repo1.maven.org/maven2/org/typelevel/spire-macros_2.13/0.17.0/spire-macros_2.13-0.17.0.jar:/home/ningeen/.cache/coursier/v1/https/repo1.maven.org/maven2/org/typelevel/spire-platform_2.13/0.17.0/spire-platform_2.13-0.17.0.jar:/home/ningeen/.cache/coursier/v1/https/repo1.maven.org/maven2/org/typelevel/spire-util_2.13/0.17.0/spire-util_2.13-0.17.0.jar:/home/ningeen/.cache/coursier/v1/https/repo1.maven.org/maven2/org/typelevel/spire_2.13/0.17.0/spire_2.13-0.17.0.jar:/home/ningeen/.cache/coursier/v1/https/repo1.maven.org/maven2/pl/edu/icm/JLargeArrays/1.5/JLargeArrays-1.5.jar newpackage.Main /home/ningeen/Documents/repos/big_data_hw/hw3/data/Pokemon.csv /home/ningeen/Documents/repos/big_data_hw/hw3/data/prediction.csv
Features loaded
Data has been split. Train size: 600. Test size: 200
Oct 19, 2021 8:22:55 PM com.github.fommil.netlib.BLAS <clinit>
WARNING: Failed to load implementation from: com.github.fommil.netlib.NativeSystemBLAS
Oct 19, 2021 8:22:55 PM com.github.fommil.netlib.BLAS <clinit>
WARNING: Failed to load implementation from: com.github.fommil.netlib.NativeRefBLAS
SLF4J: Failed to load class "org.slf4j.impl.StaticLoggerBinder".
SLF4J: Defaulting to no-operation (NOP) logger implementation
SLF4J: See http://www.slf4j.org/codes.html#StaticLoggerBinder for further details.
Iteration #1 accuracy score: 0.9416666666666668
Iteration #2 accuracy score: 0.9249999999999999
Iteration #3 accuracy score: 0.9499999999999998
Iteration #4 accuracy score: 0.925
Iteration #5 accuracy score: 0.958333333333333
CV accuracy score: 0.94
Train accuracy score: 0.9683333333333333
Test accuracy score: 0.9550000000000001
Prediction saved to /home/ningeen/Documents/repos/big_data_hw/hw3/data/prediction.csv

Process finished with exit code 0
